# JRE version: 7.0_15-b03
# Java VM: Java HotSpot(TM) 64-Bit Server VM (23.7-b01 mixed mode windows-amd64 compressed oops)
Heap
 PSYoungGen      total 2758464K, used 272409K [0x0000000755560000, 0x00000007ffc80000, 0x0000000800000000)
  eden space 2724544K, 9% used [0x0000000755560000,0x0000000765f667e8,0x00000007fba10000)
  from space 33920K, 0% used [0x00000007fba10000,0x00000007fba10000,0x00000007fdb30000)
  to   space 32576K, 0% used [0x00000007fdcb0000,0x00000007fdcb0000,0x00000007ffc80000)
 ParOldGen       total 699072K, used 70036K [0x0000000600000000, 0x000000062aab0000, 0x0000000755560000)
  object space 699072K, 10% used [0x0000000600000000,0x0000000604465238,0x000000062aab0000)
 PSPermGen       total 28608K, used 9033K [0x00000005fae00000, 0x00000005fc9f0000, 0x0000000600000000)
  object space 28608K, 31% used [0x00000005fae00000,0x00000005fb6d2560,0x00000005fc9f0000)
GC Heap History (10 events):
Event: 69.794 GC heap before
{Heap before GC invocations=34 (full 0):
 PSYoungGen      total 2735808K, used 2735808K [0x0000000755560000, 0x00000007ffe10000, 0x0000000800000000)
  eden space 2720064K, 100% used [0x0000000755560000,0x00000007fb5b0000,0x00000007fb5b0000)
  from space 15744K, 100% used [0x00000007fb5b0000,0x00000007fc510000,0x00000007fc510000)
  to   space 36736K, 0% used [0x00000007fda30000,0x00000007fda30000,0x00000007ffe10000)
 ParOldGen       total 699072K, used 120922K [0x0000000600000000, 0x000000062aab0000, 0x0000000755560000)
  object space 699072K, 17% used [0x0000000600000000,0x0000000607616ba8,0x000000062aab0000)
 PSPermGen       total 21248K, used 19046K [0x00000005fae00000, 0x00000005fc2c0000, 0x0000000600000000)
  object space 21248K, 89% used [0x00000005fae00000,0x00000005fc099858,0x00000005fc2c0000)
Event: 69.963 GC heap after
Heap after GC invocations=34 (full 0):
 PSYoungGen      total 2758336K, used 15808K [0x0000000755560000, 0x0000000800000000, 0x0000000800000000)
  eden space 2721600K, 0% used [0x0000000755560000,0x0000000755560000,0x00000007fb730000)
  from space 36736K, 43% used [0x00000007fda30000,0x00000007fe9a0000,0x00000007ffe10000)
  to   space 35840K, 0% used [0x00000007fb730000,0x00000007fb730000,0x00000007fda30000)
 ParOldGen       total 699072K, used 120954K [0x0000000600000000, 0x000000062aab0000, 0x0000000755560000)
  object space 699072K, 17% used [0x0000000600000000,0x000000060761eba8,0x000000062aab0000)
 PSPermGen       total 21248K, used 19046K [0x00000005fae00000, 0x00000005fc2c0000, 0x0000000600000000)
  object space 21248K, 89% used [0x00000005fae00000,0x00000005fc099858,0x00000005fc2c0000)
}
Event: 74.698 GC heap before
{Heap before GC invocations=35 (full 0):
 PSYoungGen      total 2758336K, used 2737408K [0x0000000755560000, 0x0000000800000000, 0x0000000800000000)
  eden space 2721600K, 100% used [0x0000000755560000,0x00000007fb730000,0x00000007fb730000)
  from space 36736K, 43% used [0x00000007fda30000,0x00000007fe9a0000,0x00000007ffe10000)
  to   space 35840K, 0% used [0x00000007fb730000,0x00000007fb730000,0x00000007fda30000)
 ParOldGen       total 699072K, used 120954K [0x0000000600000000, 0x000000062aab0000, 0x0000000755560000)
  object space 699072K, 17% used [0x0000000600000000,0x000000060761eba8,0x000000062aab0000)
 PSPermGen       total 21248K, used 19046K [0x00000005fae00000, 0x00000005fc2c0000, 0x0000000600000000)
  object space 21248K, 89% used [0x00000005fae00000,0x00000005fc099958,0x00000005fc2c0000)
Event: 74.865 GC heap after
Heap after GC invocations=35 (full 0):
 PSYoungGen      total 2757440K, used 15744K [0x0000000755560000, 0x00000007ffd40000, 0x0000000800000000)
  eden space 2721600K, 0% used [0x0000000755560000,0x0000000755560000,0x00000007fb730000)
  from space 35840K, 43% used [0x00000007fb730000,0x00000007fc690000,0x00000007fda30000)
  to   space 34880K, 0% used [0x00000007fdb30000,0x00000007fdb30000,0x00000007ffd40000)
 ParOldGen       total 699072K, used 121022K [0x0000000600000000, 0x000000062aab0000, 0x0000000755560000)
  object space 699072K, 17% used [0x0000000600000000,0x000000060762f888,0x000000062aab0000)
 PSPermGen       total 21248K, used 19046K [0x00000005fae00000, 0x00000005fc2c0000, 0x0000000600000000)
  object space 21248K, 89% used [0x00000005fae00000,0x00000005fc099958,0x00000005fc2c0000)
}
Event: 79.608 GC heap before
{Heap before GC invocations=36 (full 0):
 PSYoungGen      total 2757440K, used 2737344K [0x0000000755560000, 0x00000007ffd40000, 0x0000000800000000)
  eden space 2721600K, 100% used [0x0000000755560000,0x00000007fb730000,0x00000007fb730000)
  from space 35840K, 43% used [0x00000007fb730000,0x00000007fc690000,0x00000007fda30000)
  to   space 34880K, 0% used [0x00000007fdb30000,0x00000007fdb30000,0x00000007ffd40000)
 ParOldGen       total 699072K, used 121022K [0x0000000600000000, 0x000000062aab0000, 0x0000000755560000)
  object space 699072K, 17% used [0x0000000600000000,0x000000060762f888,0x000000062aab0000)
 PSPermGen       total 21248K, used 19046K [0x00000005fae00000, 0x00000005fc2c0000, 0x0000000600000000)
  object space 21248K, 89% used [0x00000005fae00000,0x00000005fc099ae8,0x00000005fc2c0000)
Event: 79.776 GC heap after
Heap after GC invocations=36 (full 0):
 PSYoungGen      total 2759360K, used 15840K [0x0000000755560000, 0x00000007ffd30000, 0x0000000800000000)
  eden space 2724544K, 0% used [0x0000000755560000,0x0000000755560000,0x00000007fba10000)
  from space 34816K, 45% used [0x00000007fdb30000,0x00000007feaa8000,0x00000007ffd30000)
  to   space 33920K, 0% used [0x00000007fba10000,0x00000007fba10000,0x00000007fdb30000)
 ParOldGen       total 699072K, used 121054K [0x0000000600000000, 0x000000062aab0000, 0x0000000755560000)
  object space 699072K, 17% used [0x0000000600000000,0x0000000607637888,0x000000062aab0000)
 PSPermGen       total 21248K, used 19046K [0x00000005fae00000, 0x00000005fc2c0000, 0x0000000600000000)
  object space 21248K, 89% used [0x00000005fae00000,0x00000005fc099ae8,0x00000005fc2c0000)
}
Event: 82.257 GC heap before
{Heap before GC invocations=37 (full 0):
 PSYoungGen      total 2759360K, used 1438208K [0x0000000755560000, 0x00000007ffd30000, 0x0000000800000000)
  eden space 2724544K, 52% used [0x0000000755560000,0x00000007ac268348,0x00000007fba10000)
  from space 34816K, 45% used [0x00000007fdb30000,0x00000007feaa8000,0x00000007ffd30000)
  to   space 33920K, 0% used [0x00000007fba10000,0x00000007fba10000,0x00000007fdb30000)
 ParOldGen       total 699072K, used 121054K [0x0000000600000000, 0x000000062aab0000, 0x0000000755560000)
  object space 699072K, 17% used [0x0000000600000000,0x0000000607637888,0x000000062aab0000)
 PSPermGen       total 21248K, used 19046K [0x00000005fae00000, 0x00000005fc2c0000, 0x0000000600000000)
  object space 21248K, 89% used [0x00000005fae00000,0x00000005fc099bf8,0x00000005fc2c0000)
Event: 82.341 GC heap after
Heap after GC invocations=37 (full 0):
 PSYoungGen      total 2758464K, used 8256K [0x0000000755560000, 0x00000007ffc80000, 0x0000000800000000)
  eden space 2724544K, 0% used [0x0000000755560000,0x0000000755560000,0x00000007fba10000)
  from space 33920K, 24% used [0x00000007fba10000,0x00000007fc220000,0x00000007fdb30000)
  to   space 32576K, 0% used [0x00000007fdcb0000,0x00000007fdcb0000,0x00000007ffc80000)
 ParOldGen       total 699072K, used 121115K [0x0000000600000000, 0x000000062aab0000, 0x0000000755560000)
  object space 699072K, 17% used [0x0000000600000000,0x0000000607646ef8,0x000000062aab0000)
 PSPermGen       total 21248K, used 19046K [0x00000005fae00000, 0x00000005fc2c0000, 0x0000000600000000)
  object space 21248K, 89% used [0x00000005fae00000,0x00000005fc099bf8,0x00000005fc2c0000)
}
Event: 82.341 GC heap before
{Heap before GC invocations=38 (full 1):
 PSYoungGen      total 2758464K, used 8256K [0x0000000755560000, 0x00000007ffc80000, 0x0000000800000000)
  eden space 2724544K, 0% used [0x0000000755560000,0x0000000755560000,0x00000007fba10000)
  from space 33920K, 24% used [0x00000007fba10000,0x00000007fc220000,0x00000007fdb30000)
  to   space 32576K, 0% used [0x00000007fdcb0000,0x00000007fdcb0000,0x00000007ffc80000)
 ParOldGen       total 699072K, used 121115K [0x0000000600000000, 0x000000062aab0000, 0x0000000755560000)
  object space 699072K, 17% used [0x0000000600000000,0x0000000607646ef8,0x000000062aab0000)
 PSPermGen       total 21248K, used 19046K [0x00000005fae00000, 0x00000005fc2c0000, 0x0000000600000000)
  object space 21248K, 89% used [0x00000005fae00000,0x00000005fc099bf8,0x00000005fc2c0000)
Event: 82.545 GC heap after
Heap after GC invocations=38 (full 1):
 PSYoungGen      total 2758464K, used 0K [0x0000000755560000, 0x00000007ffc80000, 0x0000000800000000)
  eden space 2724544K, 0% used [0x0000000755560000,0x0000000755560000,0x00000007fba10000)
  from space 33920K, 0% used [0x00000007fba10000,0x00000007fba10000,0x00000007fdb30000)
  to   space 32576K, 0% used [0x00000007fdcb0000,0x00000007fdcb0000,0x00000007ffc80000)
 ParOldGen       total 699072K, used 70036K [0x0000000600000000, 0x000000062aab0000, 0x0000000755560000)
  object space 699072K, 10% used [0x0000000600000000,0x0000000604465238,0x000000062aab0000)
 PSPermGen       total 28608K, used 9030K [0x00000005fae00000, 0x00000005fc9f0000, 0x0000000600000000)
  object space 28608K, 31% used [0x00000005fae00000,0x00000005fb6d1838,0x00000005fc9f0000)
}

