# JRE version: 7.0_15-b03
# Java VM: Java HotSpot(TM) 64-Bit Server VM (23.7-b01 mixed mode windows-amd64 compressed oops)
Heap
 PSYoungGen      total 7239232K, used 6722773K [0x00000005aaab0000, 0x000000078e230000, 0x0000000800000000)
  eden space 6672512K, 94% used [0x00000005aaab0000,0x000000072c738440,0x0000000741ed0000)
  from space 566720K, 70% used [0x0000000766dc0000,0x000000077f66d0f0,0x0000000789730000)
  to   space 605120K, 3% used [0x0000000741ed0000,0x00000007432344f8,0x0000000766dc0000)
 ParOldGen       total 1398144K, used 917460K [0x0000000100000000, 0x0000000155560000, 0x00000005aaab0000)
  object space 1398144K, 65% used [0x0000000100000000,0x0000000137ff53a0,0x0000000155560000)
 PSPermGen       total 21824K, used 21787K [0x00000000fae00000, 0x00000000fc350000, 0x0000000100000000)
  object space 21824K, 99% used [0x00000000fae00000,0x00000000fc346e00,0x00000000fc350000)
GC Heap History (10 events):
Event: 328.409 GC heap after
Heap after GC invocations=6 (full 0):
 PSYoungGen      total 2617856K, used 86817K [0x00000005aaab0000, 0x000000066c990000, 0x0000000800000000)
  eden space 2097152K, 0% used [0x00000005aaab0000,0x00000005aaab0000,0x000000062aab0000)
  from space 520704K, 16% used [0x000000064cd10000,0x00000006521d8628,0x000000066c990000)
  to   space 540096K, 0% used [0x000000062aab0000,0x000000062aab0000,0x000000064ba20000)
 ParOldGen       total 1398144K, used 749234K [0x0000000100000000, 0x0000000155560000, 0x00000005aaab0000)
  object space 1398144K, 53% used [0x0000000100000000,0x000000012dbac850,0x0000000155560000)
 PSPermGen       total 21248K, used 6778K [0x00000000fae00000, 0x00000000fc2c0000, 0x0000000100000000)
  object space 21248K, 31% used [0x00000000fae00000,0x00000000fb49e8e8,0x00000000fc2c0000)
}
Event: 337.871 GC heap before
{Heap before GC invocations=7 (full 0):
 PSYoungGen      total 2617856K, used 2183969K [0x00000005aaab0000, 0x000000066c990000, 0x0000000800000000)
  eden space 2097152K, 100% used [0x00000005aaab0000,0x000000062aab0000,0x000000062aab0000)
  from space 520704K, 16% used [0x000000064cd10000,0x00000006521d8628,0x000000066c990000)
  to   space 540096K, 0% used [0x000000062aab0000,0x000000062aab0000,0x000000064ba20000)
 ParOldGen       total 1398144K, used 749234K [0x0000000100000000, 0x0000000155560000, 0x00000005aaab0000)
  object space 1398144K, 53% used [0x0000000100000000,0x000000012dbac850,0x0000000155560000)
 PSPermGen       total 21248K, used 6780K [0x00000000fae00000, 0x00000000fc2c0000, 0x0000000100000000)
  object space 21248K, 31% used [0x00000000fae00000,0x00000000fb49f358,0x00000000fc2c0000)
Event: 337.964 GC heap after
Heap after GC invocations=7 (full 0):
 PSYoungGen      total 2637248K, used 75158K [0x00000005aaab0000, 0x00000006ea550000, 0x0000000800000000)
  eden space 2097152K, 0% used [0x00000005aaab0000,0x00000005aaab0000,0x000000062aab0000)
  from space 540096K, 13% used [0x000000062aab0000,0x000000062f415bb8,0x000000064ba20000)
  to   space 521536K, 0% used [0x00000006ca800000,0x00000006ca800000,0x00000006ea550000)
 ParOldGen       total 1398144K, used 760717K [0x0000000100000000, 0x0000000155560000, 0x00000005aaab0000)
  object space 1398144K, 54% used [0x0000000100000000,0x000000012e6e3658,0x0000000155560000)
 PSPermGen       total 21248K, used 6780K [0x00000000fae00000, 0x00000000fc2c0000, 0x0000000100000000)
  object space 21248K, 31% used [0x00000000fae00000,0x00000000fb49f358,0x00000000fc2c0000)
}
Event: 347.501 GC heap before
{Heap before GC invocations=8 (full 0):
 PSYoungGen      total 2637248K, used 2172310K [0x00000005aaab0000, 0x00000006ea550000, 0x0000000800000000)
  eden space 2097152K, 100% used [0x00000005aaab0000,0x000000062aab0000,0x000000062aab0000)
  from space 540096K, 13% used [0x000000062aab0000,0x000000062f415bb8,0x000000064ba20000)
  to   space 521536K, 0% used [0x00000006ca800000,0x00000006ca800000,0x00000006ea550000)
 ParOldGen       total 1398144K, used 760717K [0x0000000100000000, 0x0000000155560000, 0x00000005aaab0000)
  object space 1398144K, 54% used [0x0000000100000000,0x000000012e6e3658,0x0000000155560000)
 PSPermGen       total 21248K, used 6809K [0x00000000fae00000, 0x00000000fc2c0000, 0x0000000100000000)
  object space 21248K, 32% used [0x00000000fae00000,0x00000000fb4a6660,0x00000000fc2c0000)
Event: 347.555 GC heap after
Heap after GC invocations=8 (full 0):
 PSYoungGen      total 4681152K, used 69312K [0x00000005aaab0000, 0x00000006e8370000, 0x0000000800000000)
  eden space 4194304K, 0% used [0x00000005aaab0000,0x00000005aaab0000,0x00000006aaab0000)
  from space 486848K, 14% used [0x00000006ca800000,0x00000006cebb0000,0x00000006e8370000)
  to   space 504192K, 0% used [0x00000006aaab0000,0x00000006aaab0000,0x00000006c9710000)
 ParOldGen       total 1398144K, used 766327K [0x0000000100000000, 0x0000000155560000, 0x00000005aaab0000)
  object space 1398144K, 54% used [0x0000000100000000,0x000000012ec5dd38,0x0000000155560000)
 PSPermGen       total 21248K, used 6809K [0x00000000fae00000, 0x00000000fc2c0000, 0x0000000100000000)
  object space 21248K, 32% used [0x00000000fae00000,0x00000000fb4a6660,0x00000000fc2c0000)
}
Event: 370.917 GC heap before
{Heap before GC invocations=9 (full 0):
 PSYoungGen      total 4681152K, used 4263616K [0x00000005aaab0000, 0x00000006e8370000, 0x0000000800000000)
  eden space 4194304K, 100% used [0x00000005aaab0000,0x00000006aaab0000,0x00000006aaab0000)
  from space 486848K, 14% used [0x00000006ca800000,0x00000006cebb0000,0x00000006e8370000)
  to   space 504192K, 0% used [0x00000006aaab0000,0x00000006aaab0000,0x00000006c9710000)
 ParOldGen       total 1398144K, used 766327K [0x0000000100000000, 0x0000000155560000, 0x00000005aaab0000)
  object space 1398144K, 54% used [0x0000000100000000,0x000000012ec5dd38,0x0000000155560000)
 PSPermGen       total 21824K, used 21752K [0x00000000fae00000, 0x00000000fc350000, 0x0000000100000000)
  object space 21824K, 99% used [0x00000000fae00000,0x00000000fc33e1d8,0x00000000fc350000)
Event: 374.687 GC heap after
Heap after GC invocations=9 (full 0):
 PSYoungGen      total 4698496K, used 417291K [0x00000005aaab0000, 0x0000000789730000, 0x0000000800000000)
  eden space 4194304K, 0% used [0x00000005aaab0000,0x00000005aaab0000,0x00000006aaab0000)
  from space 504192K, 82% used [0x00000006aaab0000,0x00000006c4232f88,0x00000006c9710000)
  to   space 566720K, 0% used [0x0000000766dc0000,0x0000000766dc0000,0x0000000789730000)
 ParOldGen       total 1398144K, used 835119K [0x0000000100000000, 0x0000000155560000, 0x00000005aaab0000)
  object space 1398144K, 59% used [0x0000000100000000,0x0000000132f8bf20,0x0000000155560000)
 PSPermGen       total 21824K, used 21752K [0x00000000fae00000, 0x00000000fc350000, 0x0000000100000000)
  object space 21824K, 99% used [0x00000000fae00000,0x00000000fc33e1d8,0x00000000fc350000)
}
Event: 379.640 GC heap before
{Heap before GC invocations=10 (full 0):
 PSYoungGen      total 4698496K, used 4611595K [0x00000005aaab0000, 0x0000000789730000, 0x0000000800000000)
  eden space 4194304K, 100% used [0x00000005aaab0000,0x00000006aaab0000,0x00000006aaab0000)
  from space 504192K, 82% used [0x00000006aaab0000,0x00000006c4232f88,0x00000006c9710000)
  to   space 566720K, 0% used [0x0000000766dc0000,0x0000000766dc0000,0x0000000789730000)
 ParOldGen       total 1398144K, used 835119K [0x0000000100000000, 0x0000000155560000, 0x00000005aaab0000)
  object space 1398144K, 59% used [0x0000000100000000,0x0000000132f8bf20,0x0000000155560000)
 PSPermGen       total 21824K, used 21758K [0x00000000fae00000, 0x00000000fc350000, 0x0000000100000000)
  object space 21824K, 99% used [0x00000000fae00000,0x00000000fc33f940,0x00000000fc350000)
Event: 382.591 GC heap after
Heap after GC invocations=10 (full 0):
 PSYoungGen      total 7239232K, used 402100K [0x00000005aaab0000, 0x000000078e230000, 0x0000000800000000)
  eden space 6672512K, 0% used [0x00000005aaab0000,0x00000005aaab0000,0x0000000741ed0000)
  from space 566720K, 70% used [0x0000000766dc0000,0x000000077f66d0f0,0x0000000789730000)
  to   space 605120K, 0% used [0x0000000741ed0000,0x0000000741ed0000,0x0000000766dc0000)
 ParOldGen       total 1398144K, used 835143K [0x0000000100000000, 0x0000000155560000, 0x00000005aaab0000)
  object space 1398144K, 59% used [0x0000000100000000,0x0000000132f91f20,0x0000000155560000)
 PSPermGen       total 21824K, used 21758K [0x00000000fae00000, 0x00000000fc350000, 0x0000000100000000)
  object space 21824K, 99% used [0x00000000fae00000,0x00000000fc33f940,0x00000000fc350000)
}
Event: 466.525 GC heap before
{Heap before GC invocations=11 (full 0):
 PSYoungGen      total 7239232K, used 6722773K [0x00000005aaab0000, 0x000000078e230000, 0x0000000800000000)
  eden space 6672512K, 94% used [0x00000005aaab0000,0x000000072c738328,0x0000000741ed0000)
  from space 566720K, 70% used [0x0000000766dc0000,0x000000077f66d0f0,0x0000000789730000)
  to   space 605120K, 0% used [0x0000000741ed0000,0x0000000741ed0000,0x0000000766dc0000)
 ParOldGen       total 1398144K, used 835143K [0x0000000100000000, 0x0000000155560000, 0x00000005aaab0000)
  object space 1398144K, 59% used [0x0000000100000000,0x0000000132f91f20,0x0000000155560000)
 PSPermGen       total 21824K, used 21787K [0x00000000fae00000, 0x00000000fc350000, 0x0000000100000000)
  object space 21824K, 99% used [0x00000000fae00000,0x00000000fc346e00,0x00000000fc350000)

