# JRE version: Java(TM) SE Runtime Environment (8.0_60-b27) (build 1.8.0_60-b27)
# Java VM: Java HotSpot(TM) 64-Bit Server VM (25.60-b23 mixed mode linux-amd64 compressed oops)
Heap:
 PSYoungGen      total 1682944K, used 35180K [0x000000056ab00000, 0x0000000702980000, 0x00000007c0000000)
  eden space 1674240K, 2% used [0x000000056ab00000,0x000000056cd5b1b8,0x00000005d0e00000)
  from space 8704K, 0% used [0x00000006f8c80000,0x00000006f8c80000,0x00000006f9500000)
  to   space 80896K, 0% used [0x00000006fda80000,0x00000006fda80000,0x0000000702980000)
 ParOldGen       total 2796544K, used 256554K [0x00000000c0000000, 0x000000016ab00000, 0x000000056ab00000)
  object space 2796544K, 9% used [0x00000000c0000000,0x00000000cfa8a940,0x000000016ab00000)
 Metaspace       used 21041K, capacity 21260K, committed 21504K, reserved 1069056K
  class space    used 1602K, capacity 1668K, committed 1792K, reserved 1048576K
GC Heap History (10 events):
Event: 232,741 GC heap before
{Heap before GC invocations=59 (full 1):
 PSYoungGen      total 1503744K, used 7794K [0x000000056ab00000, 0x0000000703a00000, 0x00000007c0000000)
  eden space 1495552K, 0% used [0x000000056ab00000,0x000000056ab00000,0x00000005c5f80000)
  from space 8192K, 95% used [0x0000000703200000,0x000000070399c8e8,0x0000000703a00000)
  to   space 17408K, 0% used [0x0000000701800000,0x0000000701800000,0x0000000702900000)
 ParOldGen       total 2796544K, used 289718K [0x00000000c0000000, 0x000000016ab00000, 0x000000056ab00000)
  object space 2796544K, 10% used [0x00000000c0000000,0x00000000d1aed808,0x000000016ab00000)
 Metaspace       used 20882K, capacity 21068K, committed 21248K, reserved 1069056K
  class space    used 1600K, capacity 1668K, committed 1792K, reserved 1048576K
Event: 232,875 GC heap after
Heap after GC invocations=59 (full 1):
 PSYoungGen      total 1503744K, used 0K [0x000000056ab00000, 0x0000000703a00000, 0x00000007c0000000)
  eden space 1495552K, 0% used [0x000000056ab00000,0x000000056ab00000,0x00000005c5f80000)
  from space 8192K, 0% used [0x0000000703200000,0x0000000703200000,0x0000000703a00000)
  to   space 17408K, 0% used [0x0000000701800000,0x0000000701800000,0x0000000702900000)
 ParOldGen       total 2796544K, used 233688K [0x00000000c0000000, 0x000000016ab00000, 0x000000056ab00000)
  object space 2796544K, 8% used [0x00000000c0000000,0x00000000ce436050,0x000000016ab00000)
 Metaspace       used 20882K, capacity 21068K, committed 21248K, reserved 1069056K
  class space    used 1600K, capacity 1668K, committed 1792K, reserved 1048576K
}
Event: 236,554 GC heap before
{Heap before GC invocations=60 (full 1):
 PSYoungGen      total 1503744K, used 1495552K [0x000000056ab00000, 0x0000000703a00000, 0x00000007c0000000)
  eden space 1495552K, 100% used [0x000000056ab00000,0x00000005c5f80000,0x00000005c5f80000)
  from space 8192K, 0% used [0x0000000703200000,0x0000000703200000,0x0000000703a00000)
  to   space 17408K, 0% used [0x0000000701800000,0x0000000701800000,0x0000000702900000)
 ParOldGen       total 2796544K, used 233688K [0x00000000c0000000, 0x000000016ab00000, 0x000000056ab00000)
  object space 2796544K, 8% used [0x00000000c0000000,0x00000000ce436050,0x000000016ab00000)
 Metaspace       used 21040K, capacity 21260K, committed 21504K, reserved 1069056K
  class space    used 1602K, capacity 1668K, committed 1792K, reserved 1048576K
Event: 236,600 GC heap after
Heap after GC invocations=60 (full 1):
 PSYoungGen      total 1468928K, used 17392K [0x000000056ab00000, 0x0000000703280000, 0x00000007c0000000)
  eden space 1451520K, 0% used [0x000000056ab00000,0x000000056ab00000,0x00000005c3480000)
  from space 17408K, 99% used [0x0000000701800000,0x00000007028fc010,0x0000000702900000)
  to   space 9728K, 0% used [0x0000000702900000,0x0000000702900000,0x0000000703280000)
 ParOldGen       total 2796544K, used 303114K [0x00000000c0000000, 0x000000016ab00000, 0x000000056ab00000)
  object space 2796544K, 10% used [0x00000000c0000000,0x00000000d2802b70,0x000000016ab00000)
 Metaspace       used 21040K, capacity 21260K, committed 21504K, reserved 1069056K
  class space    used 1602K, capacity 1668K, committed 1792K, reserved 1048576K
}
Event: 238,892 GC heap before
{Heap before GC invocations=61 (full 1):
 PSYoungGen      total 1468928K, used 1468912K [0x000000056ab00000, 0x0000000703280000, 0x00000007c0000000)
  eden space 1451520K, 100% used [0x000000056ab00000,0x00000005c3480000,0x00000005c3480000)
  from space 17408K, 99% used [0x0000000701800000,0x00000007028fc010,0x0000000702900000)
  to   space 9728K, 0% used [0x0000000702900000,0x0000000702900000,0x0000000703280000)
 ParOldGen       total 2796544K, used 303114K [0x00000000c0000000, 0x000000016ab00000, 0x000000056ab00000)
  object space 2796544K, 10% used [0x00000000c0000000,0x00000000d2802b70,0x000000016ab00000)
 Metaspace       used 21040K, capacity 21260K, committed 21504K, reserved 1069056K
  class space    used 1602K, capacity 1668K, committed 1792K, reserved 1048576K
Event: 238,958 GC heap after
Heap after GC invocations=61 (full 1):
 PSYoungGen      total 1737728K, used 9728K [0x000000056ab00000, 0x0000000703280000, 0x00000007c0000000)
  eden space 1728000K, 0% used [0x000000056ab00000,0x000000056ab00000,0x00000005d4280000)
  from space 9728K, 100% used [0x0000000702900000,0x0000000703280000,0x0000000703280000)
  to   space 84992K, 0% used [0x00000006f8c80000,0x00000006f8c80000,0x00000006fdf80000)
 ParOldGen       total 2796544K, used 416515K [0x00000000c0000000, 0x000000016ab00000, 0x000000056ab00000)
  object space 2796544K, 14% used [0x00000000c0000000,0x00000000d96c0ec0,0x000000016ab00000)
 Metaspace       used 21040K, capacity 21260K, committed 21504K, reserved 1069056K
  class space    used 1602K, capacity 1668K, committed 1792K, reserved 1048576K
}
Event: 288,595 GC heap before
{Heap before GC invocations=62 (full 1):
 PSYoungGen      total 1737728K, used 690652K [0x000000056ab00000, 0x0000000703280000, 0x00000007c0000000)
  eden space 1728000K, 39% used [0x000000056ab00000,0x00000005943f7260,0x00000005d4280000)
  from space 9728K, 100% used [0x0000000702900000,0x0000000703280000,0x0000000703280000)
  to   space 84992K, 0% used [0x00000006f8c80000,0x00000006f8c80000,0x00000006fdf80000)
 ParOldGen       total 2796544K, used 416515K [0x00000000c0000000, 0x000000016ab00000, 0x000000056ab00000)
  object space 2796544K, 14% used [0x00000000c0000000,0x00000000d96c0ec0,0x000000016ab00000)
 Metaspace       used 21040K, capacity 21260K, committed 21504K, reserved 1069056K
  class space    used 1602K, capacity 1668K, committed 1792K, reserved 1048576K
Event: 288,631 GC heap after
Heap after GC invocations=62 (full 1):
 PSYoungGen      total 1682944K, used 8288K [0x000000056ab00000, 0x0000000702980000, 0x00000007c0000000)
  eden space 1674240K, 0% used [0x000000056ab00000,0x000000056ab00000,0x00000005d0e00000)
  from space 8704K, 95% used [0x00000006f8c80000,0x00000006f9498000,0x00000006f9500000)
  to   space 80896K, 0% used [0x00000006fda80000,0x00000006fda80000,0x0000000702980000)
 ParOldGen       total 2796544K, used 416843K [0x00000000c0000000, 0x000000016ab00000, 0x000000056ab00000)
  object space 2796544K, 14% used [0x00000000c0000000,0x00000000d9712e10,0x000000016ab00000)
 Metaspace       used 21040K, capacity 21260K, committed 21504K, reserved 1069056K
  class space    used 1602K, capacity 1668K, committed 1792K, reserved 1048576K
}
Event: 288,631 GC heap before
{Heap before GC invocations=63 (full 2):
 PSYoungGen      total 1682944K, used 8288K [0x000000056ab00000, 0x0000000702980000, 0x00000007c0000000)
  eden space 1674240K, 0% used [0x000000056ab00000,0x000000056ab00000,0x00000005d0e00000)
  from space 8704K, 95% used [0x00000006f8c80000,0x00000006f9498000,0x00000006f9500000)
  to   space 80896K, 0% used [0x00000006fda80000,0x00000006fda80000,0x0000000702980000)
 ParOldGen       total 2796544K, used 416843K [0x00000000c0000000, 0x000000016ab00000, 0x000000056ab00000)
  object space 2796544K, 14% used [0x00000000c0000000,0x00000000d9712e10,0x000000016ab00000)
 Metaspace       used 21040K, capacity 21260K, committed 21504K, reserved 1069056K
  class space    used 1602K, capacity 1668K, committed 1792K, reserved 1048576K
Event: 288,838 GC heap after
Heap after GC invocations=63 (full 2):
 PSYoungGen      total 1682944K, used 0K [0x000000056ab00000, 0x0000000702980000, 0x00000007c0000000)
  eden space 1674240K, 0% used [0x000000056ab00000,0x000000056ab00000,0x00000005d0e00000)
  from space 8704K, 0% used [0x00000006f8c80000,0x00000006f8c80000,0x00000006f9500000)
  to   space 80896K, 0% used [0x00000006fda80000,0x00000006fda80000,0x0000000702980000)
 ParOldGen       total 2796544K, used 256554K [0x00000000c0000000, 0x000000016ab00000, 0x000000056ab00000)
  object space 2796544K, 9% used [0x00000000c0000000,0x00000000cfa8a940,0x000000016ab00000)
 Metaspace       used 21040K, capacity 21260K, committed 21504K, reserved 1069056K
  class space    used 1602K, capacity 1668K, committed 1792K, reserved 1048576K
}

